<?xml version="1.0" encoding="UTF-8"?>
<testng-results skipped="0" failed="0" ignored="0" total="1" passed="1">
  <reporter-output>
  </reporter-output>
  <suite name="Default suite" duration-ms="29" started-at="2019-01-10T12:52:33Z" finished-at="2019-01-10T12:52:33Z">
    <groups>
    </groups>
    <test name="Default test" duration-ms="29" started-at="2019-01-10T12:52:33Z" finished-at="2019-01-10T12:52:33Z">
      <class name="com.cnqaos.collection2.reversestring">
        <test-method status="PASS" signature="reve()[pri:0, instance:com.cnqaos.collection2.reversestring@29774679]" name="reve" duration-ms="11" started-at="2019-01-10T18:22:33Z" finished-at="2019-01-10T18:22:33Z">
          <reporter-output>
          </reporter-output>
        </test-method> <!-- reve -->
      </class> <!-- com.cnqaos.collection2.reversestring -->
    </test> <!-- Default test -->
  </suite> <!-- Default suite -->
</testng-results>
